  fileHandling.cpp
C:\Users\ACER\Documents\GitHub\SearchEngine\searchEngine\searchEngine\fileHandling.cpp(28,21): warning C4018: '<': signed/unsigned mismatch
C:\Users\ACER\Documents\GitHub\SearchEngine\searchEngine\searchEngine\fileHandling.cpp(49,20): warning C4018: '<': signed/unsigned mismatch
C:\Users\ACER\Documents\GitHub\SearchEngine\searchEngine\searchEngine\fileHandling.cpp(63,20): warning C4018: '<': signed/unsigned mismatch
  main.cpp
  query1.cpp
C:\Users\ACER\Documents\GitHub\SearchEngine\searchEngine\searchEngine\query1.cpp(43,20): warning C4018: '<': signed/unsigned mismatch
C:\Users\ACER\Documents\GitHub\SearchEngine\searchEngine\searchEngine\query1.cpp(57,20): warning C4018: '<': signed/unsigned mismatch
  search.cpp
C:\Users\ACER\Documents\GitHub\SearchEngine\searchEngine\searchEngine\search.cpp(7,23): warning C4018: '<': signed/unsigned mismatch
C:\Users\ACER\Documents\GitHub\SearchEngine\searchEngine\searchEngine\search.cpp(16,23): warning C4018: '<': signed/unsigned mismatch
C:\Users\ACER\Documents\GitHub\SearchEngine\searchEngine\searchEngine\search.cpp(32,23): warning C4018: '<': signed/unsigned mismatch
C:\Users\ACER\Documents\GitHub\SearchEngine\searchEngine\searchEngine\search.cpp(41,23): warning C4018: '<': signed/unsigned mismatch
C:\Users\ACER\Documents\GitHub\SearchEngine\searchEngine\searchEngine\search.cpp(58,23): warning C4018: '<': signed/unsigned mismatch
C:\Users\ACER\Documents\GitHub\SearchEngine\searchEngine\searchEngine\search.cpp(91,27): warning C4018: '<': signed/unsigned mismatch
C:\Users\ACER\Documents\GitHub\SearchEngine\searchEngine\searchEngine\search.cpp(97,27): warning C4018: '<': signed/unsigned mismatch
C:\Users\ACER\Documents\GitHub\SearchEngine\searchEngine\searchEngine\search.cpp(136,23): warning C4018: '<': signed/unsigned mismatch
C:\Users\ACER\Documents\GitHub\SearchEngine\searchEngine\searchEngine\search.cpp(170,23): warning C4018: '<': signed/unsigned mismatch
C:\Users\ACER\Documents\GitHub\SearchEngine\searchEngine\searchEngine\search.cpp(199,23): warning C4018: '<': signed/unsigned mismatch
C:\Users\ACER\Documents\GitHub\SearchEngine\searchEngine\searchEngine\search.cpp(223,23): warning C4018: '<': signed/unsigned mismatch
C:\Users\ACER\Documents\GitHub\SearchEngine\searchEngine\searchEngine\search.cpp(228,51): warning C4805: '!=': unsafe mix of type 'bool' and type '_Ty' in operation
          with
          [
              _Ty=int
          ]
C:\Users\ACER\Documents\GitHub\SearchEngine\searchEngine\searchEngine\search.cpp(234,27): warning C4018: '<': signed/unsigned mismatch
C:\Users\ACER\Documents\GitHub\SearchEngine\searchEngine\searchEngine\search.cpp(243,35): warning C4018: '<': signed/unsigned mismatch
C:\Users\ACER\Documents\GitHub\SearchEngine\searchEngine\searchEngine\search.cpp(312,23): warning C4018: '<': signed/unsigned mismatch
C:\Users\ACER\Documents\GitHub\SearchEngine\searchEngine\searchEngine\search.cpp(325,23): warning C4018: '<': signed/unsigned mismatch
  Trie.cpp
C:\Users\ACER\Documents\GitHub\SearchEngine\searchEngine\searchEngine\Trie.cpp(15,23): warning C4018: '<': signed/unsigned mismatch
C:\Users\ACER\Documents\GitHub\SearchEngine\searchEngine\searchEngine\Trie.cpp(62,23): warning C4018: '<': signed/unsigned mismatch
  UI.cpp
  Generating Code...
  searchEngine.vcxproj -> C:\Users\ACER\Documents\GitHub\SearchEngine\searchEngine\Debug\searchEngine.exe
